Build started 2019-05-06 5:13:30 PM.
     1>Project "P:\Concordia\Semesters\2019Winter\M472-Auto\ProjectFiles\Project Submission for Tokyo-Drift group\Compulsory\program.vcxproj" on node 2 (Build target(s)).
     1>ClCompile:
         C:\Program Files (x86)\Microsoft Visual Studio 12.0\VC\bin\CL.exe /c /Zi /nologo /W3 /WX- /O2 /Oy- /D WIN32 /D _DEBUG /D _CONSOLE /D CONSOLE_IO /D _VC80_UPGRADE=0x0600 /D _MBCS /GF /Gm- /EHsc /MTd /GS /Gy /fp:precise /Zc:wchar_t /Zc:forScope /Fo".\Debug\\" /Fd".\Debug\vc120.pdb" /Gd /TP /analyze- /errorReport:prompt program.cpp serial_com.cpp techLead.cpp timer.cpp vision.cpp
         program.cpp
     1>program.cpp(185): warning C4996: 'getch': The POSIX name for this item is deprecated. Instead, use the ISO C++ conformant name: _getch. See online help for details.
                 C:\Program Files (x86)\Microsoft Visual Studio 12.0\VC\include\conio.h(131) : see declaration of 'getch'
     1>program.cpp(227): warning C4244: 'argument' : conversion from 'double' to 'int', possible loss of data
     1>program.cpp(237): warning C4244: '=' : conversion from 'double' to 'float', possible loss of data
     1>program.cpp(238): warning C4244: '=' : conversion from 'double' to 'float', possible loss of data
     1>program.cpp(337): warning C4996: 'getch': The POSIX name for this item is deprecated. Instead, use the ISO C++ conformant name: _getch. See online help for details.
                 C:\Program Files (x86)\Microsoft Visual Studio 12.0\VC\include\conio.h(131) : see declaration of 'getch'
     1>program.cpp(364): warning C4996: 'getch': The POSIX name for this item is deprecated. Instead, use the ISO C++ conformant name: _getch. See online help for details.
                 C:\Program Files (x86)\Microsoft Visual Studio 12.0\VC\include\conio.h(131) : see declaration of 'getch'
     1>program.cpp(411): warning C4244: '=' : conversion from 'double' to 'float', possible loss of data
     1>program.cpp(412): warning C4244: '=' : conversion from 'double' to 'float', possible loss of data
     1>program.cpp(414): warning C4244: 'argument' : conversion from 'double' to 'int', possible loss of data
     1>program.cpp(454): warning C4244: 'argument' : conversion from 'double' to 'int', possible loss of data
     1>program.cpp(457): warning C4244: '=' : conversion from 'double' to 'float', possible loss of data
     1>program.cpp(458): warning C4244: '=' : conversion from 'double' to 'float', possible loss of data
     1>program.cpp(501): warning C4996: 'getch': The POSIX name for this item is deprecated. Instead, use the ISO C++ conformant name: _getch. See online help for details.
                 C:\Program Files (x86)\Microsoft Visual Studio 12.0\VC\include\conio.h(131) : see declaration of 'getch'
     1>program.cpp(540): warning C4244: 'argument' : conversion from 'double' to 'int', possible loss of data
     1>program.cpp(562): warning C4996: 'getch': The POSIX name for this item is deprecated. Instead, use the ISO C++ conformant name: _getch. See online help for details.
                 C:\Program Files (x86)\Microsoft Visual Studio 12.0\VC\include\conio.h(131) : see declaration of 'getch'
     1>program.cpp(580): warning C4996: 'getch': The POSIX name for this item is deprecated. Instead, use the ISO C++ conformant name: _getch. See online help for details.
                 C:\Program Files (x86)\Microsoft Visual Studio 12.0\VC\include\conio.h(131) : see declaration of 'getch'
     1>program.cpp(75): warning C4101: 'hist' : unreferenced local variable
     1>program.cpp(48): warning C4101: 'cx2' : unreferenced local variable
     1>program.cpp(80): warning C4101: 'G_ave' : unreferenced local variable
     1>program.cpp(50): warning C4101: 'dy' : unreferenced local variable
     1>program.cpp(48): warning C4101: 'cx1' : unreferenced local variable
     1>program.cpp(48): warning C4101: 'cx3' : unreferenced local variable
     1>program.cpp(76): warning C4101: 'fp' : unreferenced local variable
     1>program.cpp(80): warning C4101: 'B_ave' : unreferenced local variable
     1>program.cpp(75): warning C4101: 'hmin' : unreferenced local variable
     1>program.cpp(52): warning C4101: 'Sy' : unreferenced local variable
     1>program.cpp(49): warning C4101: 'cy3' : unreferenced local variable
     1>program.cpp(74): warning C4101: 'nhist' : unreferenced local variable
     1>program.cpp(49): warning C4101: 'cy2' : unreferenced local variable
     1>program.cpp(75): warning C4101: 'hmax' : unreferenced local variable
     1>program.cpp(80): warning C4101: 'R_ave' : unreferenced local variable
     1>program.cpp(62): warning C4101: 'ch' : unreferenced local variable
     1>program.cpp(49): warning C4101: 'cy1' : unreferenced local variable
     1>program.cpp(74): warning C4101: 'j' : unreferenced local variable
     1>program.cpp(51): warning C4101: 'Sx' : unreferenced local variable
     1>program.cpp(50): warning C4101: 'dx' : unreferenced local variable
         serial_com.cpp
         techLead.cpp
     1>techLead.cpp(130): warning C4101: 'i' : unreferenced local variable
     1>techLead.cpp(221): warning C4101: 'j' : unreferenced local variable
         timer.cpp
         vision.cpp
         Generating Code...
     1>p:\concordia\semesters\2019winter\m472-auto\projectfiles\project submission for tokyo-drift group\compulsory\program.cpp(110): warning C4700: uninitialized local variable 'n' used
       Link:
         C:\Program Files (x86)\Microsoft Visual Studio 12.0\VC\bin\link.exe /ERRORREPORT:PROMPT /OUT:".\Debug\program.exe" /INCREMENTAL /NOLOGO image_transfer3.lib odbc32.lib odbccp32.lib winmm.lib wsock32.lib kernel32.lib user32.lib gdi32.lib winspool.lib comdlg32.lib advapi32.lib shell32.lib ole32.lib oleaut32.lib uuid.lib odbc32.lib odbccp32.lib /NODEFAULTLIB:libcmtd /NODEFAULTLIB:libcd /MANIFEST /MANIFESTUAC:"level='asInvoker' uiAccess='false'" /manifest:embed /DEBUG /PDB:".\Debug\program.pdb" /SUBSYSTEM:CONSOLE /TLBID:1 /DYNAMICBASE /NXCOMPAT /IMPLIB:".\Debug\program.lib" /MACHINE:X86 /SAFESEH .\Debug\program.obj
         .\Debug\serial_com.obj
         .\Debug\techLead.obj
         .\Debug\timer.obj
         .\Debug\vision.obj
         program.vcxproj -> P:\Concordia\Semesters\2019Winter\M472-Auto\ProjectFiles\Project Submission for Tokyo-Drift group\Compulsory\.\Debug\program.exe
     1>Done Building Project "P:\Concordia\Semesters\2019Winter\M472-Auto\ProjectFiles\Project Submission for Tokyo-Drift group\Compulsory\program.vcxproj" (Build target(s)).

Build succeeded.

Time Elapsed 00:00:03.81
